#
# There is insufficient memory for the Java Runtime Environment to continue.
# Native memory allocation (malloc) failed to allocate 1048576 bytes. Error detail: AllocateHeap
# Possible reasons:
#   The system is out of physical RAM or swap space
#   This process is running with CompressedOops enabled, and the Java Heap may be blocking the growth of the native heap
# Possible solutions:
#   Reduce memory load on the system
#   Increase physical memory or swap space
#   Check if swap backing store is full
#   Decrease Java heap size (-Xmx/-Xms)
#   Decrease number of Java threads
#   Decrease Java thread stack sizes (-Xss)
#   Set larger code cache with -XX:ReservedCodeCacheSize=
#   JVM is running with Unscaled Compressed Oops mode in which the Java heap is
#     placed in the first 4GB address space. The Java Heap base address is the
#     maximum limit for the native heap growth. Please use -XX:HeapBaseMinAddress
#     to set the Java Heap base and to place the Java Heap above 4GB virtual address.
# This output file may be truncated or incomplete.
#
#  Out of Memory Error (allocation.cpp:44), pid=12324, tid=27972
#
# JRE version: OpenJDK Runtime Environment Temurin-21.0.9+10 (21.0.9+10) (build 21.0.9+10-LTS)
# Java VM: OpenJDK 64-Bit Server VM Temurin-21.0.9+10 (21.0.9+10-LTS, mixed mode, sharing, tiered, compressed oops, compressed class ptrs, parallel gc, windows-amd64)
# No core dump will be written. Minidumps are not enabled by default on client versions of Windows
#

---------------  S U M M A R Y ------------

Command Line: --add-modules=ALL-SYSTEM --add-opens=java.base/java.util=ALL-UNNAMED --add-opens=java.base/java.lang=ALL-UNNAMED --add-opens=java.base/sun.nio.fs=ALL-UNNAMED -Declipse.application=org.eclipse.jdt.ls.core.id1 -Dosgi.bundles.defaultStartLevel=4 -Declipse.product=org.eclipse.jdt.ls.core.product -Djava.import.generatesMetadataFilesAtProjectRoot=false -DDetectVMInstallationsJob.disabled=true -Dfile.encoding=utf8 -XX:+UseParallelGC -XX:GCTimeRatio=4 -XX:AdaptiveSizePolicyWeight=90 -Dsun.zip.disableMemoryMapping=true -Xmx2G -Xms100m -Xlog:disable -javaagent:c:\Users\dell\.vscode\extensions\redhat.java-1.50.0-win32-x64\lombok\lombok-1.18.39-4050.jar -XX:+HeapDumpOnOutOfMemoryError -XX:HeapDumpPath=c:\Users\dell\AppData\Roaming\Code\User\workspaceStorage\7006832f3d786815a8eafb37dcd20274\redhat.java -Daether.dependencyCollector.impl=bf c:\Users\dell\.vscode\extensions\redhat.java-1.50.0-win32-x64\server\plugins\org.eclipse.equinox.launcher_1.7.100.v20251111-0406.jar -configuration c:\Users\dell\AppData\Roaming\Code\User\globalStorage\redhat.java\1.50.0\config_win -data c:\Users\dell\AppData\Roaming\Code\User\workspaceStorage\7006832f3d786815a8eafb37dcd20274\redhat.java\jdt_ws --pipe=\\.\pipe\lsp-905a7415f150e3d5982cdd87e0024198-sock

Host: AMD Ryzen 5 3450U with Radeon Vega Mobile Gfx  , 8 cores, 5G,  Windows 11 , 64 bit Build 26100 (10.0.26100.7019)
Time: Sat Dec 20 13:38:53 2025 India Standard Time elapsed time: 928.433738 seconds (0d 0h 15m 28s)

---------------  T H R E A D  ---------------

Current thread (0x000001b62f2b2d40):  JavaThread "Attach Listener" daemon [_thread_in_vm, id=27972, stack(0x0000003b43d00000,0x0000003b43e00000) (1024K)]

Stack: [0x0000003b43d00000,0x0000003b43e00000]
Native frames: (J=compiled Java code, j=interpreted, Vv=VM code, C=native code)
V  [jvm.dll+0x6d6e29]
V  [jvm.dll+0x8b4b76]
V  [jvm.dll+0x8b712e]
V  [jvm.dll+0x8b7813]
V  [jvm.dll+0x283d86]
V  [jvm.dll+0xc1277]
V  [jvm.dll+0x6d76d9]
V  [jvm.dll+0x133466]
V  [jvm.dll+0x3f7ea6]
V  [jvm.dll+0x85e9ad]
V  [jvm.dll+0x6d565d]
C  [ucrtbase.dll+0x37b0]
C  [KERNEL32.DLL+0x2e8d7]
C  [ntdll.dll+0x8c53c]


---------------  P R O C E S S  ---------------

Threads class SMR info:
_java_thread_list=0x000001b67bcf3780, length=42, elements={
0x000001b616673d10, 0x000001b62f2a83a0, 0x000001b6169ce720, 0x000001b62f2b0060,
0x000001b62f2b2d40, 0x000001b62f2b3790, 0x000001b62f2b41e0, 0x000001b62f2b7020,
0x000001b67604a9b0, 0x000001b676230060, 0x000001b676318850, 0x000001b676be57e0,
0x000001b676d2f370, 0x000001b67687feb0, 0x000001b676858e60, 0x000001b676a0be60,
0x000001b677022600, 0x000001b6765f0260, 0x000001b6763da9d0, 0x000001b6765e7ac0,
0x000001b6765e87e0, 0x000001b6765e59f0, 0x000001b67a42a4d0, 0x000001b67a42cc30,
0x000001b67a42c5a0, 0x000001b67a42b1f0, 0x000001b67a42b880, 0x000001b67a42ab60,
0x000001b67a42d2c0, 0x000001b67a42d950, 0x000001b67a42dfe0, 0x000001b67a42bf10,
0x000001b679a1f160, 0x000001b679a1b650, 0x000001b679a1afc0, 0x000001b679a1bce0,
0x000001b679a19580, 0x000001b679a1d090, 0x000001b679a19c10, 0x000001b679a1f7f0,
0x000001b679a1e440, 0x000001b679a33f40
}

Java Threads: ( => current thread )
  0x000001b616673d10 JavaThread "main"                              [_thread_blocked, id=26896, stack(0x0000003b43600000,0x0000003b43700000) (1024K)]
  0x000001b62f2a83a0 JavaThread "Reference Handler"          daemon [_thread_blocked, id=28740, stack(0x0000003b43a00000,0x0000003b43b00000) (1024K)]
  0x000001b6169ce720 JavaThread "Finalizer"                  daemon [_thread_blocked, id=9328, stack(0x0000003b43b00000,0x0000003b43c00000) (1024K)]
  0x000001b62f2b0060 JavaThread "Signal Dispatcher"          daemon [_thread_blocked, id=11760, stack(0x0000003b43c00000,0x0000003b43d00000) (1024K)]
=>0x000001b62f2b2d40 JavaThread "Attach Listener"            daemon [_thread_in_vm, id=27972, stack(0x0000003b43d00000,0x0000003b43e00000) (1024K)]
  0x000001b62f2b3790 JavaThread "Service Thread"             daemon [_thread_blocked, id=28700, stack(0x0000003b43e00000,0x0000003b43f00000) (1024K)]
  0x000001b62f2b41e0 JavaThread "Monitor Deflation Thread"   daemon [_thread_blocked, id=29560, stack(0x0000003b43f00000,0x0000003b44000000) (1024K)]
  0x000001b62f2b7020 JavaThread "C2 CompilerThread0"         daemon [_thread_blocked, id=18868, stack(0x0000003b44000000,0x0000003b44100000) (1024K)]
  0x000001b67604a9b0 JavaThread "C1 CompilerThread0"         daemon [_thread_blocked, id=13688, stack(0x0000003b44100000,0x0000003b44200000) (1024K)]
  0x000001b676230060 JavaThread "Common-Cleaner"             daemon [_thread_blocked, id=26772, stack(0x0000003b44300000,0x0000003b44400000) (1024K)]
  0x000001b676318850 JavaThread "Notification Thread"        daemon [_thread_blocked, id=16604, stack(0x0000003b44200000,0x0000003b44300000) (1024K)]
  0x000001b676be57e0 JavaThread "Active Thread: Equinox Container: 64de20ce-7fe5-44bf-88ee-9801fecddb14"        [_thread_blocked, id=2024, stack(0x0000003b44400000,0x0000003b44500000) (1024K)]
  0x000001b676d2f370 JavaThread "Refresh Thread: Equinox Container: 64de20ce-7fe5-44bf-88ee-9801fecddb14" daemon [_thread_blocked, id=2404, stack(0x0000003b44b00000,0x0000003b44c00000) (1024K)]
  0x000001b67687feb0 JavaThread "Framework Event Dispatcher: Equinox Container: 64de20ce-7fe5-44bf-88ee-9801fecddb14" daemon [_thread_blocked, id=21184, stack(0x0000003b44d00000,0x0000003b44e00000) (1024K)]
  0x000001b676858e60 JavaThread "Start Level: Equinox Container: 64de20ce-7fe5-44bf-88ee-9801fecddb14" daemon [_thread_blocked, id=19248, stack(0x0000003b44e00000,0x0000003b44f00000) (1024K)]
  0x000001b676a0be60 JavaThread "Bundle File Closer"         daemon [_thread_blocked, id=22980, stack(0x0000003b44f00000,0x0000003b45000000) (1024K)]
  0x000001b677022600 JavaThread "SCR Component Actor"        daemon [_thread_blocked, id=2912, stack(0x0000003b43300000,0x0000003b43400000) (1024K)]
  0x000001b6765f0260 JavaThread "Worker-JM"                         [_thread_blocked, id=5320, stack(0x0000003b45100000,0x0000003b45200000) (1024K)]
  0x000001b6763da9d0 JavaThread "JNA Cleaner"                daemon [_thread_blocked, id=24040, stack(0x0000003b45000000,0x0000003b45100000) (1024K)]
  0x000001b6765e7ac0 JavaThread "Java indexing"              daemon [_thread_blocked, id=10584, stack(0x0000003b45700000,0x0000003b45800000) (1024K)]
  0x000001b6765e87e0 JavaThread "Thread-1"                   daemon [_thread_in_native, id=25956, stack(0x0000003b45c00000,0x0000003b45d00000) (1024K)]
  0x000001b6765e59f0 JavaThread "Thread-2"                   daemon [_thread_in_native, id=27912, stack(0x0000003b45d00000,0x0000003b45e00000) (1024K)]
  0x000001b67a42a4d0 JavaThread "Thread-3"                   daemon [_thread_in_native, id=13208, stack(0x0000003b45e00000,0x0000003b45f00000) (1024K)]
  0x000001b67a42cc30 JavaThread "Thread-4"                   daemon [_thread_in_native, id=10808, stack(0x0000003b45f00000,0x0000003b46000000) (1024K)]
  0x000001b67a42c5a0 JavaThread "Thread-5"                   daemon [_thread_in_native, id=26948, stack(0x0000003b46000000,0x0000003b46100000) (1024K)]
  0x000001b67a42b1f0 JavaThread "Thread-6"                   daemon [_thread_in_native, id=29628, stack(0x0000003b46100000,0x0000003b46200000) (1024K)]
  0x000001b67a42b880 JavaThread "Thread-7"                   daemon [_thread_in_native, id=19924, stack(0x0000003b46200000,0x0000003b46300000) (1024K)]
  0x000001b67a42ab60 JavaThread "Thread-8"                   daemon [_thread_in_native, id=28320, stack(0x0000003b46300000,0x0000003b46400000) (1024K)]
  0x000001b67a42d2c0 JavaThread "Thread-9"                   daemon [_thread_in_native, id=26804, stack(0x0000003b46400000,0x0000003b46500000) (1024K)]
  0x000001b67a42d950 JavaThread "pool-2-thread-1"                   [_thread_blocked, id=11612, stack(0x0000003b46500000,0x0000003b46600000) (1024K)]
  0x000001b67a42dfe0 JavaThread "WorkspaceEventsHandler"            [_thread_blocked, id=12528, stack(0x0000003b46600000,0x0000003b46700000) (1024K)]
  0x000001b67a42bf10 JavaThread "pool-1-thread-1"                   [_thread_blocked, id=17856, stack(0x0000003b46700000,0x0000003b46800000) (1024K)]
  0x000001b679a1f160 JavaThread "Cleaner-0"                  daemon [_thread_blocked, id=27880, stack(0x0000003b48300000,0x0000003b48400000) (1024K)]
  0x000001b679a1b650 JavaThread "Worker-7"                          [_thread_blocked, id=24644, stack(0x0000003b43500000,0x0000003b43600000) (1024K)]
  0x000001b679a1afc0 JavaThread "Worker-9"                          [_thread_blocked, id=3360, stack(0x0000003b43400000,0x0000003b43500000) (1024K)]
  0x000001b679a1bce0 JavaThread "ForkJoinPool.commonPool-worker-8" daemon [_thread_blocked, id=28356, stack(0x0000003b45300000,0x0000003b45400000) (1024K)]
  0x000001b679a19580 JavaThread "ForkJoinPool.commonPool-worker-10" daemon [_thread_blocked, id=10328, stack(0x0000003b45500000,0x0000003b45600000) (1024K)]
  0x000001b679a1d090 JavaThread "ForkJoinPool.commonPool-worker-11" daemon [_thread_blocked, id=10440, stack(0x0000003b45600000,0x0000003b45700000) (1024K)]
  0x000001b679a19c10 JavaThread "ForkJoinPool.commonPool-worker-12" daemon [_thread_blocked, id=1000, stack(0x0000003b45800000,0x0000003b45900000) (1024K)]
  0x000001b679a1f7f0 JavaThread "ForkJoinPool.commonPool-worker-13" daemon [_thread_blocked, id=24000, stack(0x0000003b45900000,0x0000003b45a00000) (1024K)]
  0x000001b679a1e440 JavaThread "ForkJoinPool.commonPool-worker-14" daemon [_thread_blocked, id=17192, stack(0x0000003b45b00000,0x0000003b45c00000) (1024K)]
  0x000001b679a33f40 JavaThread "ForkJoinPool.commonPool-worker-15" daemon [_thread_blocked, id=26856, stack(0x0000003b45200000,0x0000003b45300000) (1024K)]
Total: 42

Other Threads:
  0x000001b6169b4830 VMThread "VM Thread"                           [id=14464, stack(0x0000003b43900000,0x0000003b43a00000) (1024K)]
  0x000001b62f1bca00 WatcherThread "VM Periodic Task Thread"        [id=24224, stack(0x0000003b43800000,0x0000003b43900000) (1024K)]
  0x000001b616936180 WorkerThread "GC Thread#0"                     [id=28492, stack(0x0000003b43700000,0x0000003b43800000) (1024K)]
  0x000001b676751d20 WorkerThread "GC Thread#1"                     [id=312, stack(0x0000003b44500000,0x0000003b44600000) (1024K)]
  0x000001b6767520c0 WorkerThread "GC Thread#2"                     [id=2784, stack(0x0000003b44600000,0x0000003b44700000) (1024K)]
  0x000001b676752460 WorkerThread "GC Thread#3"                     [id=24504, stack(0x0000003b44700000,0x0000003b44800000) (1024K)]
  0x000001b6766e3650 WorkerThread "GC Thread#4"                     [id=11912, stack(0x0000003b44800000,0x0000003b44900000) (1024K)]
  0x000001b6766e39f0 WorkerThread "GC Thread#5"                     [id=400, stack(0x0000003b44900000,0x0000003b44a00000) (1024K)]
  0x000001b6766e3d90 WorkerThread "GC Thread#6"                     [id=15152, stack(0x0000003b44a00000,0x0000003b44b00000) (1024K)]
  0x000001b6768d9220 WorkerThread "GC Thread#7"                     [id=15856, stack(0x0000003b44c00000,0x0000003b44d00000) (1024K)]
Total: 10

Threads with active compile tasks:
Total: 0

VM state: not at safepoint (normal execution)

VM Mutex/Monitor currently owned by a thread: None

Heap address: 0x0000000080000000, size: 2048 MB, Compressed Oops mode: 32-bit

CDS archive(s) mapped at: [0x000001b630000000-0x000001b630ba0000-0x000001b630ba0000), size 12189696, SharedBaseAddress: 0x000001b630000000, ArchiveRelocationMode: 1.
Compressed class space mapped at: 0x000001b631000000-0x000001b671000000, reserved size: 1073741824
Narrow klass base: 0x000001b630000000, Narrow klass shift: 0, Narrow klass range: 0x100000000

GC Precious Log:
 CardTable entry size: 512
 CPUs: 8 total, 8 available
 Memory: 6030M
 Large Page Support: Disabled
 NUMA Support: Disabled
 Compressed Oops: Enabled (32-bit)
 Alignments: Space 512K, Generation 512K, Heap 2M
 Heap Min Capacity: 100M
 Heap Initial Capacity: 100M
 Heap Max Capacity: 2G
 Pre-touch: Disabled
 Parallel Workers: 8

Heap:
 PSYoungGen      total 9216K, used 6116K [0x00000000d5580000, 0x00000000d6280000, 0x0000000100000000)
  eden space 7680K, 71% used [0x00000000d5580000,0x00000000d5ad9260,0x00000000d5d00000)
  from space 1536K, 41% used [0x00000000d6000000,0x00000000d60a0000,0x00000000d6180000)
  to   space 1024K, 0% used [0x00000000d6180000,0x00000000d6180000,0x00000000d6280000)
 ParOldGen       total 368128K, used 250264K [0x0000000080000000, 0x0000000096780000, 0x00000000d5580000)
  object space 368128K, 67% used [0x0000000080000000,0x000000008f466340,0x0000000096780000)
 Metaspace       used 81835K, committed 83648K, reserved 1179648K
  class space    used 8503K, committed 9280K, reserved 1048576K

Card table byte_map: [0x000001b62a5f0000,0x000001b62aa00000] _byte_map_base: 0x000001b62a1f0000

Marking Bits: (ParMarkBitMap*) 0x00007ffda4fc2460
 Begin Bits: [0x000001b62acb0000, 0x000001b62ccb0000)
 End Bits:   [0x000001b62ccb0000, 0x000001b62ecb0000)

Polling page: 0x000001b616d70000

Metaspace:

Usage:
  Non-class:     71.61 MB used.
      Class:      8.30 MB used.
       Both:     79.92 MB used.

Virtual space:
  Non-class space:      128.00 MB reserved,      72.62 MB ( 57%) committed,  2 nodes.
      Class space:        1.00 GB reserved,       9.06 MB ( <1%) committed,  1 nodes.
             Both:        1.12 GB reserved,      81.69 MB (  7%) committed. 

Chunk freelists:
   Non-Class:  6.66 MB
       Class:  6.83 MB
        Both:  13.48 MB

MaxMetaspaceSize: unlimited
CompressedClassSpaceSize: 1.00 GB
Initial GC threshold: 21.00 MB
Current GC threshold: 131.38 MB
CDS: on
 - commit_granule_bytes: 65536.
 - commit_granule_words: 8192.
 - virtual_space_node_default_size: 8388608.
 - enlarge_chunks_in_place: 1.
 - use_allocation_guard: 0.


Internal statistics:

num_allocs_failed_limit: 9.
num_arena_births: 1540.
num_arena_deaths: 14.
num_vsnodes_births: 3.
num_vsnodes_deaths: 0.
num_space_committed: 1307.
num_space_uncommitted: 0.
num_chunks_returned_to_freelist: 23.
num_chunks_taken_from_freelist: 5445.
num_chunk_merges: 13.
num_chunk_splits: 3279.
num_chunks_enlarged: 1785.
num_inconsistent_stats: 0.

CodeHeap 'non-profiled nmethods': size=120000Kb used=16046Kb max_used=16046Kb free=103953Kb
 bounds [0x000001b622ee0000, 0x000001b623e90000, 0x000001b62a410000]
CodeHeap 'profiled nmethods': size=120000Kb used=38439Kb max_used=38439Kb free=81561Kb
 bounds [0x000001b61b410000, 0x000001b61d9a0000, 0x000001b622940000]
CodeHeap 'non-nmethods': size=5760Kb used=1512Kb max_used=1573Kb free=4247Kb
 bounds [0x000001b622940000, 0x000001b622bb0000, 0x000001b622ee0000]
CodeCache: size=245760Kb, used=55997Kb, max_used=56058Kb, free=189761Kb
 total_blobs=16858, nmethods=16031, adapters=730, full_count=0
Compilation: enabled, stopped_count=0, restarted_count=0

Compilation events (20 events):
Event: 906.921 Thread 0x000001b67604a9b0 nmethod 17746 0x000001b623e86210 code [0x000001b623e863a0, 0x000001b623e86468]
Event: 906.921 Thread 0x000001b67604a9b0 17747       3       org.eclipse.jdt.core.dom.ASTVisitor::endVisit (1 bytes)
Event: 906.922 Thread 0x000001b67604a9b0 nmethod 17747 0x000001b61d996190 code [0x000001b61d996320, 0x000001b61d996428]
Event: 906.923 Thread 0x000001b67604a9b0 17748   !   3       org.eclipse.jdt.core.dom.MethodDeclaration::getReturnType2 (82 bytes)
Event: 906.926 Thread 0x000001b67604a9b0 nmethod 17748 0x000001b61d996490 code [0x000001b61d996740, 0x000001b61d997410]
Event: 906.926 Thread 0x000001b67604a9b0 17750       3       org.eclipse.jdt.core.dom.TypeBinding::isRecovered (20 bytes)
Event: 906.927 Thread 0x000001b67604a9b0 nmethod 17750 0x000001b61d997c10 code [0x000001b61d997dc0, 0x000001b61d997f48]
Event: 906.927 Thread 0x000001b67604a9b0 17749   !   3       org.eclipse.jdt.core.dom.MethodDeclaration::getName (60 bytes)
Event: 906.928 Thread 0x000001b67604a9b0 nmethod 17749 0x000001b61d998010 code [0x000001b61d998280, 0x000001b61d998d58]
Event: 906.928 Thread 0x000001b67604a9b0 17751       3       org.eclipse.jdt.ls.core.internal.text.correction.CodeActionComparator::getCodeActionKindOrdinal (54 bytes)
Event: 906.929 Thread 0x000001b67604a9b0 nmethod 17751 0x000001b61d999410 code [0x000001b61d999620, 0x000001b61d999a78]
Event: 906.979 Thread 0x000001b62f2b7020 nmethod 17709 0x000001b623e86510 code [0x000001b623e86900, 0x000001b623e887e0]
Event: 906.980 Thread 0x000001b62f2b7020 17717   !   4       org.eclipse.jdt.internal.core.util.DeduplicationUtil::intern (28 bytes)
Event: 906.982 Thread 0x000001b62f2b7020 nmethod 17717 0x000001b623e89f10 code [0x000001b623e8a0c0, 0x000001b623e8a3e8]
Event: 906.982 Thread 0x000001b62f2b7020 17723       4       org.eclipse.jdt.internal.core.SingleTypeRequestor::isCanceled (11 bytes)
Event: 906.983 Thread 0x000001b62f2b7020 nmethod 17723 0x000001b623e8a510 code [0x000001b623e8a6a0, 0x000001b623e8a748]
Event: 906.983 Thread 0x000001b62f2b7020 17719       4       lombok.eclipse.EclipseNode::getName (115 bytes)
Event: 906.991 Thread 0x000001b62f2b7020 nmethod 17719 0x000001b623e8a810 code [0x000001b623e8a9e0, 0x000001b623e8af38]
Event: 906.992 Thread 0x000001b62f2b7020 17715       4       org.eclipse.jdt.internal.core.JavaElementRequestor::getPackageFragments (35 bytes)
Event: 906.998 Thread 0x000001b62f2b7020 nmethod 17715 0x000001b623e8b190 code [0x000001b623e8b340, 0x000001b623e8b6e8]

GC Heap History (20 events):
Event: 833.670 GC heap before
{Heap before GC invocations=796 (full 4):
 PSYoungGen      total 7168K, used 6703K [0x00000000d5580000, 0x00000000d5f00000, 0x0000000100000000)
  eden space 6144K, 99% used [0x00000000d5580000,0x00000000d5b7ffe0,0x00000000d5b80000)
  from space 1024K, 54% used [0x00000000d5b80000,0x00000000d5c0c010,0x00000000d5c80000)
  to   space 1024K, 0% used [0x00000000d5e00000,0x00000000d5e00000,0x00000000d5f00000)
 ParOldGen       total 368128K, used 234511K [0x0000000080000000, 0x0000000096780000, 0x00000000d5580000)
  object space 368128K, 63% used [0x0000000080000000,0x000000008e503d38,0x0000000096780000)
 Metaspace       used 81113K, committed 82944K, reserved 1179648K
  class space    used 8460K, committed 9280K, reserved 1048576K
}
Event: 833.675 GC heap after
{Heap after GC invocations=796 (full 4):
 PSYoungGen      total 8704K, used 843K [0x00000000d5580000, 0x00000000d5f00000, 0x0000000100000000)
  eden space 7680K, 0% used [0x00000000d5580000,0x00000000d5580000,0x00000000d5d00000)
  from space 1024K, 82% used [0x00000000d5e00000,0x00000000d5ed2c08,0x00000000d5f00000)
  to   space 1024K, 0% used [0x00000000d5d00000,0x00000000d5d00000,0x00000000d5e00000)
 ParOldGen       total 368128K, used 234879K [0x0000000080000000, 0x0000000096780000, 0x00000000d5580000)
  object space 368128K, 63% used [0x0000000080000000,0x000000008e55fd78,0x0000000096780000)
 Metaspace       used 81113K, committed 82944K, reserved 1179648K
  class space    used 8460K, committed 9280K, reserved 1048576K
}
Event: 835.571 GC heap before
{Heap before GC invocations=797 (full 4):
 PSYoungGen      total 8704K, used 8523K [0x00000000d5580000, 0x00000000d5f00000, 0x0000000100000000)
  eden space 7680K, 100% used [0x00000000d5580000,0x00000000d5d00000,0x00000000d5d00000)
  from space 1024K, 82% used [0x00000000d5e00000,0x00000000d5ed2c08,0x00000000d5f00000)
  to   space 1024K, 0% used [0x00000000d5d00000,0x00000000d5d00000,0x00000000d5e00000)
 ParOldGen       total 368128K, used 234879K [0x0000000080000000, 0x0000000096780000, 0x00000000d5580000)
  object space 368128K, 63% used [0x0000000080000000,0x000000008e55fd78,0x0000000096780000)
 Metaspace       used 81375K, committed 83200K, reserved 1179648K
  class space    used 8467K, committed 9280K, reserved 1048576K
}
Event: 835.576 GC heap after
{Heap after GC invocations=797 (full 4):
 PSYoungGen      total 8704K, used 916K [0x00000000d5580000, 0x00000000d5f00000, 0x0000000100000000)
  eden space 7680K, 0% used [0x00000000d5580000,0x00000000d5580000,0x00000000d5d00000)
  from space 1024K, 89% used [0x00000000d5d00000,0x00000000d5de5220,0x00000000d5e00000)
  to   space 1024K, 0% used [0x00000000d5e00000,0x00000000d5e00000,0x00000000d5f00000)
 ParOldGen       total 368128K, used 235587K [0x0000000080000000, 0x0000000096780000, 0x00000000d5580000)
  object space 368128K, 63% used [0x0000000080000000,0x000000008e610fa8,0x0000000096780000)
 Metaspace       used 81375K, committed 83200K, reserved 1179648K
  class space    used 8467K, committed 9280K, reserved 1048576K
}
Event: 835.612 GC heap before
{Heap before GC invocations=798 (full 4):
 PSYoungGen      total 8704K, used 8596K [0x00000000d5580000, 0x00000000d5f00000, 0x0000000100000000)
  eden space 7680K, 100% used [0x00000000d5580000,0x00000000d5d00000,0x00000000d5d00000)
  from space 1024K, 89% used [0x00000000d5d00000,0x00000000d5de5220,0x00000000d5e00000)
  to   space 1024K, 0% used [0x00000000d5e00000,0x00000000d5e00000,0x00000000d5f00000)
 ParOldGen       total 368128K, used 235587K [0x0000000080000000, 0x0000000096780000, 0x00000000d5580000)
  object space 368128K, 63% used [0x0000000080000000,0x000000008e610fa8,0x0000000096780000)
 Metaspace       used 81385K, committed 83200K, reserved 1179648K
  class space    used 8467K, committed 9280K, reserved 1048576K
}
Event: 835.617 GC heap after
{Heap after GC invocations=798 (full 4):
 PSYoungGen      total 8704K, used 916K [0x00000000d5580000, 0x00000000d5f00000, 0x0000000100000000)
  eden space 7680K, 0% used [0x00000000d5580000,0x00000000d5580000,0x00000000d5d00000)
  from space 1024K, 89% used [0x00000000d5e00000,0x00000000d5ee5200,0x00000000d5f00000)
  to   space 1024K, 0% used [0x00000000d5d00000,0x00000000d5d00000,0x00000000d5e00000)
 ParOldGen       total 368128K, used 236401K [0x0000000080000000, 0x0000000096780000, 0x00000000d5580000)
  object space 368128K, 64% used [0x0000000080000000,0x000000008e6dc498,0x0000000096780000)
 Metaspace       used 81385K, committed 83200K, reserved 1179648K
  class space    used 8467K, committed 9280K, reserved 1048576K
}
Event: 904.572 GC heap before
{Heap before GC invocations=799 (full 4):
 PSYoungGen      total 8704K, used 8596K [0x00000000d5580000, 0x00000000d5f00000, 0x0000000100000000)
  eden space 7680K, 100% used [0x00000000d5580000,0x00000000d5d00000,0x00000000d5d00000)
  from space 1024K, 89% used [0x00000000d5e00000,0x00000000d5ee5200,0x00000000d5f00000)
  to   space 1024K, 0% used [0x00000000d5d00000,0x00000000d5d00000,0x00000000d5e00000)
 ParOldGen       total 368128K, used 236401K [0x0000000080000000, 0x0000000096780000, 0x00000000d5580000)
  object space 368128K, 64% used [0x0000000080000000,0x000000008e6dc498,0x0000000096780000)
 Metaspace       used 81414K, committed 83264K, reserved 1179648K
  class space    used 8467K, committed 9280K, reserved 1048576K
}
Event: 904.653 GC heap after
{Heap after GC invocations=799 (full 4):
 PSYoungGen      total 8704K, used 762K [0x00000000d5580000, 0x00000000d5f00000, 0x0000000100000000)
  eden space 7680K, 0% used [0x00000000d5580000,0x00000000d5580000,0x00000000d5d00000)
  from space 1024K, 74% used [0x00000000d5d00000,0x00000000d5dbe920,0x00000000d5e00000)
  to   space 1024K, 0% used [0x00000000d5e00000,0x00000000d5e00000,0x00000000d5f00000)
 ParOldGen       total 368128K, used 237157K [0x0000000080000000, 0x0000000096780000, 0x00000000d5580000)
  object space 368128K, 64% used [0x0000000080000000,0x000000008e7996c8,0x0000000096780000)
 Metaspace       used 81414K, committed 83264K, reserved 1179648K
  class space    used 8467K, committed 9280K, reserved 1048576K
}
Event: 905.518 GC heap before
{Heap before GC invocations=800 (full 4):
 PSYoungGen      total 8704K, used 8442K [0x00000000d5580000, 0x00000000d5f00000, 0x0000000100000000)
  eden space 7680K, 99% used [0x00000000d5580000,0x00000000d5cffff0,0x00000000d5d00000)
  from space 1024K, 74% used [0x00000000d5d00000,0x00000000d5dbe920,0x00000000d5e00000)
  to   space 1024K, 0% used [0x00000000d5e00000,0x00000000d5e00000,0x00000000d5f00000)
 ParOldGen       total 368128K, used 237157K [0x0000000080000000, 0x0000000096780000, 0x00000000d5580000)
  object space 368128K, 64% used [0x0000000080000000,0x000000008e7996c8,0x0000000096780000)
 Metaspace       used 81537K, committed 83328K, reserved 1179648K
  class space    used 8479K, committed 9280K, reserved 1048576K
}
Event: 905.524 GC heap after
{Heap after GC invocations=800 (full 4):
 PSYoungGen      total 8704K, used 826K [0x00000000d5580000, 0x00000000d5f00000, 0x0000000100000000)
  eden space 7680K, 0% used [0x00000000d5580000,0x00000000d5580000,0x00000000d5d00000)
  from space 1024K, 80% used [0x00000000d5e00000,0x00000000d5ece900,0x00000000d5f00000)
  to   space 1024K, 0% used [0x00000000d5d00000,0x00000000d5d00000,0x00000000d5e00000)
 ParOldGen       total 368128K, used 237834K [0x0000000080000000, 0x0000000096780000, 0x00000000d5580000)
  object space 368128K, 64% used [0x0000000080000000,0x000000008e8428f8,0x0000000096780000)
 Metaspace       used 81537K, committed 83328K, reserved 1179648K
  class space    used 8479K, committed 9280K, reserved 1048576K
}
Event: 905.730 GC heap before
{Heap before GC invocations=801 (full 4):
 PSYoungGen      total 8704K, used 8506K [0x00000000d5580000, 0x00000000d5f00000, 0x0000000100000000)
  eden space 7680K, 99% used [0x00000000d5580000,0x00000000d5cffff8,0x00000000d5d00000)
  from space 1024K, 80% used [0x00000000d5e00000,0x00000000d5ece900,0x00000000d5f00000)
  to   space 1024K, 0% used [0x00000000d5d00000,0x00000000d5d00000,0x00000000d5e00000)
 ParOldGen       total 368128K, used 237834K [0x0000000080000000, 0x0000000096780000, 0x00000000d5580000)
  object space 368128K, 64% used [0x0000000080000000,0x000000008e8428f8,0x0000000096780000)
 Metaspace       used 81593K, committed 83392K, reserved 1179648K
  class space    used 8483K, committed 9280K, reserved 1048576K
}
Event: 905.760 GC heap after
{Heap after GC invocations=801 (full 4):
 PSYoungGen      total 8704K, used 1004K [0x00000000d5580000, 0x00000000d6c00000, 0x0000000100000000)
  eden space 7680K, 0% used [0x00000000d5580000,0x00000000d5580000,0x00000000d5d00000)
  from space 1024K, 98% used [0x00000000d5d00000,0x00000000d5dfb168,0x00000000d5e00000)
  to   space 7680K, 0% used [0x00000000d6480000,0x00000000d6480000,0x00000000d6c00000)
 ParOldGen       total 368128K, used 243139K [0x0000000080000000, 0x0000000096780000, 0x00000000d5580000)
  object space 368128K, 66% used [0x0000000080000000,0x000000008ed70ca0,0x0000000096780000)
 Metaspace       used 81593K, committed 83392K, reserved 1179648K
  class space    used 8483K, committed 9280K, reserved 1048576K
}
Event: 905.906 GC heap before
{Heap before GC invocations=802 (full 4):
 PSYoungGen      total 8704K, used 8684K [0x00000000d5580000, 0x00000000d6c00000, 0x0000000100000000)
  eden space 7680K, 100% used [0x00000000d5580000,0x00000000d5d00000,0x00000000d5d00000)
  from space 1024K, 98% used [0x00000000d5d00000,0x00000000d5dfb168,0x00000000d5e00000)
  to   space 7680K, 0% used [0x00000000d6480000,0x00000000d6480000,0x00000000d6c00000)
 ParOldGen       total 368128K, used 243139K [0x0000000080000000, 0x0000000096780000, 0x00000000d5580000)
  object space 368128K, 66% used [0x0000000080000000,0x000000008ed70ca0,0x0000000096780000)
 Metaspace       used 81621K, committed 83456K, reserved 1179648K
  class space    used 8490K, committed 9280K, reserved 1048576K
}
Event: 905.916 GC heap after
{Heap after GC invocations=802 (full 4):
 PSYoungGen      total 13312K, used 5268K [0x00000000d5580000, 0x00000000d6a00000, 0x0000000100000000)
  eden space 7680K, 0% used [0x00000000d5580000,0x00000000d5580000,0x00000000d5d00000)
  from space 5632K, 93% used [0x00000000d6480000,0x00000000d69a5200,0x00000000d6a00000)
  to   space 5632K, 0% used [0x00000000d5f00000,0x00000000d5f00000,0x00000000d6480000)
 ParOldGen       total 368128K, used 243227K [0x0000000080000000, 0x0000000096780000, 0x00000000d5580000)
  object space 368128K, 66% used [0x0000000080000000,0x000000008ed86ca0,0x0000000096780000)
 Metaspace       used 81621K, committed 83456K, reserved 1179648K
  class space    used 8490K, committed 9280K, reserved 1048576K
}
Event: 906.354 GC heap before
{Heap before GC invocations=803 (full 4):
 PSYoungGen      total 13312K, used 12948K [0x00000000d5580000, 0x00000000d6a00000, 0x0000000100000000)
  eden space 7680K, 100% used [0x00000000d5580000,0x00000000d5d00000,0x00000000d5d00000)
  from space 5632K, 93% used [0x00000000d6480000,0x00000000d69a5200,0x00000000d6a00000)
  to   space 5632K, 0% used [0x00000000d5f00000,0x00000000d5f00000,0x00000000d6480000)
 ParOldGen       total 368128K, used 243227K [0x0000000080000000, 0x0000000096780000, 0x00000000d5580000)
  object space 368128K, 66% used [0x0000000080000000,0x000000008ed86ca0,0x0000000096780000)
 Metaspace       used 81634K, committed 83456K, reserved 1179648K
  class space    used 8492K, committed 9280K, reserved 1048576K
}
Event: 906.380 GC heap after
{Heap after GC invocations=803 (full 4):
 PSYoungGen      total 9216K, used 1082K [0x00000000d5580000, 0x00000000d6500000, 0x0000000100000000)
  eden space 7680K, 0% used [0x00000000d5580000,0x00000000d5580000,0x00000000d5d00000)
  from space 1536K, 70% used [0x00000000d5f00000,0x00000000d600e920,0x00000000d6080000)
  to   space 3072K, 0% used [0x00000000d6200000,0x00000000d6200000,0x00000000d6500000)
 ParOldGen       total 368128K, used 248439K [0x0000000080000000, 0x0000000096780000, 0x00000000d5580000)
  object space 368128K, 67% used [0x0000000080000000,0x000000008f29dea0,0x0000000096780000)
 Metaspace       used 81634K, committed 83456K, reserved 1179648K
  class space    used 8492K, committed 9280K, reserved 1048576K
}
Event: 906.465 GC heap before
{Heap before GC invocations=804 (full 4):
 PSYoungGen      total 9216K, used 8762K [0x00000000d5580000, 0x00000000d6500000, 0x0000000100000000)
  eden space 7680K, 100% used [0x00000000d5580000,0x00000000d5d00000,0x00000000d5d00000)
  from space 1536K, 70% used [0x00000000d5f00000,0x00000000d600e920,0x00000000d6080000)
  to   space 3072K, 0% used [0x00000000d6200000,0x00000000d6200000,0x00000000d6500000)
 ParOldGen       total 368128K, used 248439K [0x0000000080000000, 0x0000000096780000, 0x00000000d5580000)
  object space 368128K, 67% used [0x0000000080000000,0x000000008f29dea0,0x0000000096780000)
 Metaspace       used 81635K, committed 83456K, reserved 1179648K
  class space    used 8492K, committed 9280K, reserved 1048576K
}
Event: 906.473 GC heap after
{Heap after GC invocations=804 (full 4):
 PSYoungGen      total 8704K, used 938K [0x00000000d5580000, 0x00000000d6300000, 0x0000000100000000)
  eden space 7680K, 0% used [0x00000000d5580000,0x00000000d5580000,0x00000000d5d00000)
  from space 1024K, 91% used [0x00000000d6200000,0x00000000d62ea910,0x00000000d6300000)
  to   space 1536K, 0% used [0x00000000d6000000,0x00000000d6000000,0x00000000d6180000)
 ParOldGen       total 368128K, used 249428K [0x0000000080000000, 0x0000000096780000, 0x00000000d5580000)
  object space 368128K, 67% used [0x0000000080000000,0x000000008f3950f0,0x0000000096780000)
 Metaspace       used 81635K, committed 83456K, reserved 1179648K
  class space    used 8492K, committed 9280K, reserved 1048576K
}
Event: 906.506 GC heap before
{Heap before GC invocations=805 (full 4):
 PSYoungGen      total 8704K, used 8618K [0x00000000d5580000, 0x00000000d6300000, 0x0000000100000000)
  eden space 7680K, 100% used [0x00000000d5580000,0x00000000d5d00000,0x00000000d5d00000)
  from space 1024K, 91% used [0x00000000d6200000,0x00000000d62ea910,0x00000000d6300000)
  to   space 1536K, 0% used [0x00000000d6000000,0x00000000d6000000,0x00000000d6180000)
 ParOldGen       total 368128K, used 249428K [0x0000000080000000, 0x0000000096780000, 0x00000000d5580000)
  object space 368128K, 67% used [0x0000000080000000,0x000000008f3950f0,0x0000000096780000)
 Metaspace       used 81662K, committed 83456K, reserved 1179648K
  class space    used 8492K, committed 9280K, reserved 1048576K
}
Event: 906.512 GC heap after
{Heap after GC invocations=805 (full 4):
 PSYoungGen      total 9216K, used 640K [0x00000000d5580000, 0x00000000d6280000, 0x0000000100000000)
  eden space 7680K, 0% used [0x00000000d5580000,0x00000000d5580000,0x00000000d5d00000)
  from space 1536K, 41% used [0x00000000d6000000,0x00000000d60a0000,0x00000000d6180000)
  to   space 1024K, 0% used [0x00000000d6180000,0x00000000d6180000,0x00000000d6280000)
 ParOldGen       total 368128K, used 250264K [0x0000000080000000, 0x0000000096780000, 0x00000000d5580000)
  object space 368128K, 67% used [0x0000000080000000,0x000000008f466340,0x0000000096780000)
 Metaspace       used 81662K, committed 83456K, reserved 1179648K
  class space    used 8492K, committed 9280K, reserved 1048576K
}

Dll operation events (12 events):
Event: 0.041 Loaded shared library c:\Users\dell\.vscode\extensions\redhat.java-1.50.0-win32-x64\jre\21.0.9-win32-x86_64\bin\java.dll
Event: 0.292 Loaded shared library c:\Users\dell\.vscode\extensions\redhat.java-1.50.0-win32-x64\jre\21.0.9-win32-x86_64\bin\zip.dll
Event: 0.351 Loaded shared library C:\Users\dell\.vscode\extensions\redhat.java-1.50.0-win32-x64\jre\21.0.9-win32-x86_64\bin\instrument.dll
Event: 0.464 Loaded shared library C:\Users\dell\.vscode\extensions\redhat.java-1.50.0-win32-x64\jre\21.0.9-win32-x86_64\bin\net.dll
Event: 0.603 Loaded shared library C:\Users\dell\.vscode\extensions\redhat.java-1.50.0-win32-x64\jre\21.0.9-win32-x86_64\bin\nio.dll
Event: 0.613 Loaded shared library C:\Users\dell\.vscode\extensions\redhat.java-1.50.0-win32-x64\jre\21.0.9-win32-x86_64\bin\zip.dll
Event: 0.692 Loaded shared library C:\Users\dell\.vscode\extensions\redhat.java-1.50.0-win32-x64\jre\21.0.9-win32-x86_64\bin\jimage.dll
Event: 1.206 Loaded shared library c:\Users\dell\.vscode\extensions\redhat.java-1.50.0-win32-x64\jre\21.0.9-win32-x86_64\bin\verify.dll
Event: 16.522 Loaded shared library C:\Users\dell\AppData\Roaming\Code\User\globalStorage\redhat.java\1.50.0\config_win\org.eclipse.equinox.launcher\org.eclipse.equinox.launcher.win32.win32.x86_64_1.2.1400.v20250801-0854\eclipse_11916.dll
Event: 44.845 Loaded shared library C:\Users\dell\AppData\Local\Temp\jna-3079617\jna10180202921060262624.dll
Event: 50.291 Loaded shared library C:\Users\dell\.vscode\extensions\redhat.java-1.50.0-win32-x64\jre\21.0.9-win32-x86_64\bin\sunmscapi.dll
Event: 50.585 Loaded shared library C:\Users\dell\.vscode\extensions\redhat.java-1.50.0-win32-x64\jre\21.0.9-win32-x86_64\bin\extnet.dll

Deoptimization events (20 events):
Event: 906.385 Thread 0x000001b679a1b650 DEOPT PACKING pc=0x000001b61d40672c sp=0x0000003b435fd5d0
Event: 906.385 Thread 0x000001b679a1b650 DEOPT UNPACKING pc=0x000001b622994242 sp=0x0000003b435fca98 mode 0
Event: 906.386 Thread 0x000001b679a1b650 DEOPT PACKING pc=0x000001b61d66583c sp=0x0000003b435fd750
Event: 906.386 Thread 0x000001b679a1b650 DEOPT UNPACKING pc=0x000001b622994242 sp=0x0000003b435fcc20 mode 0
Event: 906.386 Thread 0x000001b679a1b650 DEOPT PACKING pc=0x000001b61d40672c sp=0x0000003b435fdcf0
Event: 906.386 Thread 0x000001b679a1b650 DEOPT UNPACKING pc=0x000001b622994242 sp=0x0000003b435fd1b8 mode 0
Event: 906.386 Thread 0x000001b679a1b650 DEOPT PACKING pc=0x000001b61d66583c sp=0x0000003b435fde70
Event: 906.386 Thread 0x000001b679a1b650 DEOPT UNPACKING pc=0x000001b622994242 sp=0x0000003b435fd340 mode 0
Event: 906.505 Thread 0x000001b679a19580 Uncommon trap: trap_request=0xffffffde fr.pc=0x000001b623dadc04 relative=0x0000000000000684
Event: 906.505 Thread 0x000001b679a19580 Uncommon trap: reason=class_check action=maybe_recompile pc=0x000001b623dadc04 method=org.eclipse.jdt.internal.core.BinaryType.equals(Ljava/lang/Object;)Z @ 8 c2
Event: 906.505 Thread 0x000001b679a19580 DEOPT PACKING pc=0x000001b623dadc04 sp=0x0000003b455fdeb0
Event: 906.505 Thread 0x000001b679a19580 DEOPT UNPACKING pc=0x000001b622993aa2 sp=0x0000003b455fde60 mode 2
Event: 906.765 Thread 0x000001b679a19580 Uncommon trap: trap_request=0xffffffc6 fr.pc=0x000001b6236556b8 relative=0x0000000000000958
Event: 906.765 Thread 0x000001b679a19580 Uncommon trap: reason=bimorphic_or_optimized_type_check action=maybe_recompile pc=0x000001b6236556b8 method=java.util.regex.Pattern$CharProperty.match(Ljava/util/regex/Matcher;ILjava/lang/CharSequence;)Z @ 37 c2
Event: 906.765 Thread 0x000001b679a19580 DEOPT PACKING pc=0x000001b6236556b8 sp=0x0000003b455fe090
Event: 906.765 Thread 0x000001b679a19580 DEOPT UNPACKING pc=0x000001b622993aa2 sp=0x0000003b455fdfd0 mode 2
Event: 906.812 Thread 0x000001b679a19580 Uncommon trap: trap_request=0xffffffbe fr.pc=0x000001b623899e24 relative=0x00000000000003c4
Event: 906.813 Thread 0x000001b679a19580 Uncommon trap: reason=profile_predicate action=maybe_recompile pc=0x000001b623899e24 method=java.util.HashMap.forEach(Ljava/util/function/BiConsumer;)V @ 48 c2
Event: 906.813 Thread 0x000001b679a19580 DEOPT PACKING pc=0x000001b623899e24 sp=0x0000003b455fe430
Event: 906.813 Thread 0x000001b679a19580 DEOPT UNPACKING pc=0x000001b622993aa2 sp=0x0000003b455fe3d8 mode 2

Classes loaded (20 events):
Event: 409.434 Loading class java/util/stream/Nodes$CollectorTask$OfRef
Event: 409.455 Loading class java/util/stream/Nodes$CollectorTask
Event: 409.474 Loading class java/util/stream/Nodes$CollectorTask done
Event: 409.474 Loading class java/util/stream/Nodes$CollectorTask$OfRef done
Event: 409.775 Loading class java/util/function/LongFunction
Event: 409.781 Loading class java/util/function/LongFunction done
Event: 409.793 Loading class java/util/stream/Nodes$ConcNode
Event: 409.801 Loading class java/util/stream/Nodes$AbstractConcNode
Event: 409.812 Loading class java/util/stream/Nodes$AbstractConcNode done
Event: 409.813 Loading class java/util/stream/Nodes$ConcNode done
Event: 410.092 Loading class java/util/stream/Nodes$ToArrayTask$OfRef
Event: 410.102 Loading class java/util/stream/Nodes$ToArrayTask
Event: 410.105 Loading class java/util/stream/Nodes$ToArrayTask done
Event: 410.105 Loading class java/util/stream/Nodes$ToArrayTask$OfRef done
Event: 410.134 Loading class java/io/ObjectOutputStream$BlockDataOutputStream
Event: 410.140 Loading class java/io/ObjectOutputStream$BlockDataOutputStream done
Event: 410.140 Loading class java/io/ObjectOutputStream$HandleTable
Event: 410.143 Loading class java/io/ObjectOutputStream$HandleTable done
Event: 410.143 Loading class java/io/ObjectOutputStream$ReplaceTable
Event: 410.146 Loading class java/io/ObjectOutputStream$ReplaceTable done

Classes unloaded (7 events):
Event: 46.150 Thread 0x000001b6169b4830 Unloading class 0x000001b6311b8800 'java/lang/invoke/LambdaForm$MH+0x000001b6311b8800'
Event: 46.150 Thread 0x000001b6169b4830 Unloading class 0x000001b6311b8400 'java/lang/invoke/LambdaForm$MH+0x000001b6311b8400'
Event: 46.150 Thread 0x000001b6169b4830 Unloading class 0x000001b6311b8000 'java/lang/invoke/LambdaForm$MH+0x000001b6311b8000'
Event: 46.150 Thread 0x000001b6169b4830 Unloading class 0x000001b6311b7c00 'java/lang/invoke/LambdaForm$MH+0x000001b6311b7c00'
Event: 46.150 Thread 0x000001b6169b4830 Unloading class 0x000001b6311b7800 'java/lang/invoke/LambdaForm$BMH+0x000001b6311b7800'
Event: 46.150 Thread 0x000001b6169b4830 Unloading class 0x000001b6311b7400 'java/lang/invoke/LambdaForm$DMH+0x000001b6311b7400'
Event: 46.150 Thread 0x000001b6169b4830 Unloading class 0x000001b6311b6000 'java/lang/invoke/LambdaForm$DMH+0x000001b6311b6000'

Classes redefined (0 events):
No events

Internal exceptions (20 events):
Event: 525.024 Thread 0x000001b67a430dd0 Implicit null exception at 0x000001b6236bb85a to 0x000001b6236bb8b3
Event: 530.806 Thread 0x000001b67a430dd0 Exception <a 'sun/nio/fs/WindowsException'{0x00000000d5b09010}> (0x00000000d5b09010) 
thrown [s\src\hotspot\share\prims\jni.cpp, line 520]
Event: 530.808 Thread 0x000001b67a430dd0 Exception <a 'sun/nio/fs/WindowsException'{0x00000000d5b098f0}> (0x00000000d5b098f0) 
thrown [s\src\hotspot\share\prims\jni.cpp, line 520]
Event: 531.205 Thread 0x000001b67a430dd0 Exception <a 'sun/nio/fs/WindowsException'{0x00000000d581a258}> (0x00000000d581a258) 
thrown [s\src\hotspot\share\prims\jni.cpp, line 520]
Event: 531.206 Thread 0x000001b67a430dd0 Exception <a 'sun/nio/fs/WindowsException'{0x00000000d581ab38}> (0x00000000d581ab38) 
thrown [s\src\hotspot\share\prims\jni.cpp, line 520]
Event: 531.433 Thread 0x000001b67a430dd0 Exception <a 'sun/nio/fs/WindowsException'{0x00000000d5bbe1e0}> (0x00000000d5bbe1e0) 
thrown [s\src\hotspot\share\prims\jni.cpp, line 520]
Event: 531.433 Thread 0x000001b67a430dd0 Exception <a 'sun/nio/fs/WindowsException'{0x00000000d5bbeac0}> (0x00000000d5bbeac0) 
thrown [s\src\hotspot\share\prims\jni.cpp, line 520]
Event: 531.482 Thread 0x000001b67a430dd0 Exception <a 'sun/nio/fs/WindowsException'{0x00000000d58c1b28}> (0x00000000d58c1b28) 
thrown [s\src\hotspot\share\prims\jni.cpp, line 520]
Event: 531.482 Thread 0x000001b67a430dd0 Exception <a 'sun/nio/fs/WindowsException'{0x00000000d58c2408}> (0x00000000d58c2408) 
thrown [s\src\hotspot\share\prims\jni.cpp, line 520]
Event: 531.629 Thread 0x000001b67a430dd0 Exception <a 'sun/nio/fs/WindowsException'{0x00000000d592b3d0}> (0x00000000d592b3d0) 
thrown [s\src\hotspot\share\prims\jni.cpp, line 520]
Event: 531.629 Thread 0x000001b67a430dd0 Exception <a 'sun/nio/fs/WindowsException'{0x00000000d592bcb0}> (0x00000000d592bcb0) 
thrown [s\src\hotspot\share\prims\jni.cpp, line 520]
Event: 531.709 Thread 0x000001b67a430dd0 Exception <a 'sun/nio/fs/WindowsException'{0x00000000d56221a8}> (0x00000000d56221a8) 
thrown [s\src\hotspot\share\prims\jni.cpp, line 520]
Event: 531.709 Thread 0x000001b67a430dd0 Exception <a 'sun/nio/fs/WindowsException'{0x00000000d5622a88}> (0x00000000d5622a88) 
thrown [s\src\hotspot\share\prims\jni.cpp, line 520]
Event: 531.750 Thread 0x000001b67a430dd0 Exception <a 'sun/nio/fs/WindowsException'{0x00000000d5ab67b8}> (0x00000000d5ab67b8) 
thrown [s\src\hotspot\share\prims\jni.cpp, line 520]
Event: 531.751 Thread 0x000001b67a430dd0 Exception <a 'sun/nio/fs/WindowsException'{0x00000000d5ab7098}> (0x00000000d5ab7098) 
thrown [s\src\hotspot\share\prims\jni.cpp, line 520]
Event: 786.205 Thread 0x000001b679a19580 Exception <a 'java/lang/ArrayIndexOutOfBoundsException'{0x00000000d58dfd88}: Index 1019 out of bounds for length 1018> (0x00000000d58dfd88) 
thrown [s\src\hotspot\share\interpreter\interpreterRuntime.cpp, line 439]
Event: 786.311 Thread 0x000001b679a1bce0 Exception <a 'java/lang/NoSuchMethodError'{0x00000000d5a4dd30}: 'java.lang.Object java.lang.invoke.DirectMethodHandle$Holder.newInvokeSpecial(java.lang.Object, java.lang.Object, int, java.lang.Object, java.lang.Object, java.lang.Object, java.lang.Object)'> (0x00000000d5a4dd30) 
thrown [s\src\hotspot\share\interpreter\linkResolver.cpp, line 773]
Event: 787.643 Thread 0x000001b679a1a2a0 Implicit null exception at 0x000001b623b1cbc8 to 0x000001b623b1d258
Event: 832.096 Thread 0x000001b67a42bf10 Exception <a 'java/lang/IncompatibleClassChangeError'{0x00000000d58eb9e8}: Found class java.lang.Object, but interface was expected> (0x00000000d58eb9e8) 
thrown [s\src\hotspot\share\interpreter\linkResolver.cpp, line 840]
Event: 905.576 Thread 0x000001b679a19580 Implicit null exception at 0x000001b623bb9119 to 0x000001b623bba93c

ZGC Phase Switch (0 events):
No events

VM Operations (20 events):
Event: 904.078 Executing VM operation: Cleanup
Event: 904.079 Executing VM operation: Cleanup done
Event: 904.572 Executing VM operation: ParallelGCFailedAllocation (Allocation Failure)
Event: 904.653 Executing VM operation: ParallelGCFailedAllocation (Allocation Failure) done
Event: 905.517 Executing VM operation: ParallelGCFailedAllocation (Allocation Failure)
Event: 905.524 Executing VM operation: ParallelGCFailedAllocation (Allocation Failure) done
Event: 905.729 Executing VM operation: ParallelGCFailedAllocation (Allocation Failure)
Event: 905.760 Executing VM operation: ParallelGCFailedAllocation (Allocation Failure) done
Event: 905.904 Executing VM operation: ParallelGCFailedAllocation (Allocation Failure)
Event: 905.916 Executing VM operation: ParallelGCFailedAllocation (Allocation Failure) done
Event: 906.225 Executing VM operation: ParallelGCFailedAllocation (Allocation Failure)
Event: 906.380 Executing VM operation: ParallelGCFailedAllocation (Allocation Failure) done
Event: 906.380 Executing VM operation: HandshakeAllThreads (Deoptimize)
Event: 906.381 Executing VM operation: HandshakeAllThreads (Deoptimize) done
Event: 906.446 Executing VM operation: ParallelGCFailedAllocation (Allocation Failure)
Event: 906.473 Executing VM operation: ParallelGCFailedAllocation (Allocation Failure) done
Event: 906.506 Executing VM operation: ParallelGCFailedAllocation (Allocation Failure)
Event: 906.512 Executing VM operation: ParallelGCFailedAllocation (Allocation Failure) done
Event: 907.519 Executing VM operation: Cleanup
Event: 907.519 Executing VM operation: Cleanup done

Memory protections (0 events):
No events

Nmethod flushes (20 events):
Event: 234.559 Thread 0x000001b6169b4830 flushing  nmethod 0x000001b61c39b790
Event: 234.559 Thread 0x000001b6169b4830 flushing  nmethod 0x000001b61c39bc90
Event: 234.559 Thread 0x000001b6169b4830 flushing  nmethod 0x000001b61c3a1e10
Event: 234.559 Thread 0x000001b6169b4830 flushing  nmethod 0x000001b61c3a5410
Event: 234.559 Thread 0x000001b6169b4830 flushing  nmethod 0x000001b61c3a6210
Event: 234.559 Thread 0x000001b6169b4830 flushing  nmethod 0x000001b61c3a7290
Event: 234.559 Thread 0x000001b6169b4830 flushing  nmethod 0x000001b61c3a8510
Event: 234.559 Thread 0x000001b6169b4830 flushing  nmethod 0x000001b61c3b2c10
Event: 234.559 Thread 0x000001b6169b4830 flushing  nmethod 0x000001b61c3b3010
Event: 234.559 Thread 0x000001b6169b4830 flushing  nmethod 0x000001b61c3b4e10
Event: 234.559 Thread 0x000001b6169b4830 flushing  nmethod 0x000001b61c3b5d90
Event: 234.559 Thread 0x000001b6169b4830 flushing  nmethod 0x000001b61c3b8710
Event: 234.559 Thread 0x000001b6169b4830 flushing  nmethod 0x000001b61c3c7390
Event: 234.559 Thread 0x000001b6169b4830 flushing  nmethod 0x000001b61c3c9390
Event: 234.559 Thread 0x000001b6169b4830 flushing  nmethod 0x000001b61c3cb890
Event: 234.559 Thread 0x000001b6169b4830 flushing  nmethod 0x000001b61c3cc310
Event: 234.559 Thread 0x000001b6169b4830 flushing  nmethod 0x000001b61c3cce10
Event: 234.559 Thread 0x000001b6169b4830 flushing  nmethod 0x000001b61c3ced10
Event: 234.559 Thread 0x000001b6169b4830 flushing  nmethod 0x000001b61c400c10
Event: 234.559 Thread 0x000001b6169b4830 flushing  nmethod 0x000001b61c409a10

Events (20 events):
Event: 772.884 Thread 0x000001b67a42bf10 Thread added: 0x000001b679a1d090
Event: 772.889 Thread 0x000001b679a1d090 Thread added: 0x000001b679a19c10
Event: 772.907 Thread 0x000001b679a19c10 Thread added: 0x000001b679a1f7f0
Event: 773.009 Thread 0x000001b679a1f7f0 Thread added: 0x000001b679a1e440
Event: 774.926 Thread 0x000001b62f2b7020 Thread added: 0x000001b676cf5d50
Event: 780.219 Thread 0x000001b676cf5d50 Thread exited: 0x000001b676cf5d50
Event: 787.651 Thread 0x000001b62f2b7020 Thread added: 0x000001b678beb130
Event: 792.719 Thread 0x000001b678beb130 Thread exited: 0x000001b678beb130
Event: 832.235 Thread 0x000001b6765e6da0 Thread added: 0x000001b679a1fe80
Event: 832.973 Thread 0x000001b67604a9b0 Thread added: 0x000001b6766a5dc0
Event: 833.550 Thread 0x000001b679a1a2a0 Thread added: 0x000001b679a1ddb0
Event: 835.559 Thread 0x000001b6766a5dc0 Thread exited: 0x000001b6766a5dc0
Event: 894.101 Thread 0x000001b679a1ca00 Thread exited: 0x000001b679a1ca00
Event: 895.592 Thread 0x000001b679a1ddb0 Thread exited: 0x000001b679a1ddb0
Event: 895.602 Thread 0x000001b6765e6da0 Thread exited: 0x000001b6765e6da0
Event: 895.602 Thread 0x000001b679a1fe80 Thread exited: 0x000001b679a1fe80
Event: 895.603 Thread 0x000001b679a1a2a0 Thread exited: 0x000001b679a1a2a0
Event: 905.634 Thread 0x000001b67604a9b0 Thread added: 0x000001b67c23e7c0
Event: 905.807 Thread 0x000001b67c23e7c0 Thread exited: 0x000001b67c23e7c0
Event: 905.860 Thread 0x000001b679a19c10 Thread added: 0x000001b679a33f40


Dynamic libraries:
0x00007ff70bb80000 - 0x00007ff70bb8e000 	c:\Users\dell\.vscode\extensions\redhat.java-1.50.0-win32-x64\jre\21.0.9-win32-x86_64\bin\java.exe
0x00007ffe5bfe0000 - 0x00007ffe5c248000 	C:\WINDOWS\SYSTEM32\ntdll.dll
0x00007ffe5aa90000 - 0x00007ffe5ab59000 	C:\WINDOWS\System32\KERNEL32.DLL
0x00007ffe598d0000 - 0x00007ffe59cc8000 	C:\WINDOWS\System32\KERNELBASE.dll
0x00007ffe562d0000 - 0x00007ffe5636f000 	C:\WINDOWS\SYSTEM32\apphelp.dll
0x00007ffe59290000 - 0x00007ffe593db000 	C:\WINDOWS\System32\ucrtbase.dll
0x00007ffe2a850000 - 0x00007ffe2a868000 	c:\Users\dell\.vscode\extensions\redhat.java-1.50.0-win32-x64\jre\21.0.9-win32-x86_64\bin\jli.dll
0x00007ffe59d80000 - 0x00007ffe59f47000 	C:\WINDOWS\System32\USER32.dll
0x00007ffe59260000 - 0x00007ffe59287000 	C:\WINDOWS\System32\win32u.dll
0x00007ffe5aca0000 - 0x00007ffe5accb000 	C:\WINDOWS\System32\GDI32.dll
0x00007ffe392f0000 - 0x00007ffe3930e000 	c:\Users\dell\.vscode\extensions\redhat.java-1.50.0-win32-x64\jre\21.0.9-win32-x86_64\bin\VCRUNTIME140.dll
0x00007ffe59130000 - 0x00007ffe5925c000 	C:\WINDOWS\System32\gdi32full.dll
0x00007ffe595f0000 - 0x00007ffe59693000 	C:\WINDOWS\System32\msvcp_win.dll
0x00007ffe47940000 - 0x00007ffe47bd4000 	C:\WINDOWS\WinSxS\amd64_microsoft.windows.common-controls_6595b64144ccf1df_6.0.26100.7019_none_3e06ffa0e335b8a8\COMCTL32.dll
0x00007ffe5acd0000 - 0x00007ffe5ad79000 	C:\WINDOWS\System32\msvcrt.dll
0x00007ffe5b650000 - 0x00007ffe5b681000 	C:\WINDOWS\System32\IMM32.DLL
0x00007ffe4ba80000 - 0x00007ffe4ba8c000 	c:\Users\dell\.vscode\extensions\redhat.java-1.50.0-win32-x64\jre\21.0.9-win32-x86_64\bin\vcruntime140_1.dll
0x00007ffe08f50000 - 0x00007ffe08fdd000 	c:\Users\dell\.vscode\extensions\redhat.java-1.50.0-win32-x64\jre\21.0.9-win32-x86_64\bin\msvcp140.dll
0x00007ffda4300000 - 0x00007ffda50a0000 	c:\Users\dell\.vscode\extensions\redhat.java-1.50.0-win32-x64\jre\21.0.9-win32-x86_64\bin\server\jvm.dll
0x00007ffe5a9d0000 - 0x00007ffe5aa84000 	C:\WINDOWS\System32\ADVAPI32.dll
0x00007ffe5bee0000 - 0x00007ffe5bf86000 	C:\WINDOWS\System32\sechost.dll
0x00007ffe5b720000 - 0x00007ffe5b838000 	C:\WINDOWS\System32\RPCRT4.dll
0x00007ffe5a0f0000 - 0x00007ffe5a164000 	C:\WINDOWS\System32\WS2_32.dll
0x00007ffe58f90000 - 0x00007ffe58fee000 	C:\WINDOWS\SYSTEM32\POWRPROF.dll
0x00007ffe52930000 - 0x00007ffe52965000 	C:\WINDOWS\SYSTEM32\WINMM.dll
0x00007ffe52970000 - 0x00007ffe5297b000 	C:\WINDOWS\SYSTEM32\VERSION.dll
0x00007ffe58f70000 - 0x00007ffe58f84000 	C:\WINDOWS\SYSTEM32\UMPDC.dll
0x00007ffe57ef0000 - 0x00007ffe57f0b000 	C:\WINDOWS\SYSTEM32\kernel.appcore.dll
0x00007ffe4b040000 - 0x00007ffe4b04a000 	c:\Users\dell\.vscode\extensions\redhat.java-1.50.0-win32-x64\jre\21.0.9-win32-x86_64\bin\jimage.dll
0x00007ffe4e6c0000 - 0x00007ffe4e902000 	C:\WINDOWS\SYSTEM32\DBGHELP.DLL
0x00007ffe5a270000 - 0x00007ffe5a5fb000 	C:\WINDOWS\System32\combase.dll
0x00007ffe5b4f0000 - 0x00007ffe5b5c7000 	C:\WINDOWS\System32\OLEAUT32.dll
0x00007ffe54060000 - 0x00007ffe5409c000 	C:\WINDOWS\SYSTEM32\dbgcore.DLL
0x00007ffe59cd0000 - 0x00007ffe59d75000 	C:\WINDOWS\System32\bcryptPrimitives.dll
0x00007ffe486c0000 - 0x00007ffe486cf000 	c:\Users\dell\.vscode\extensions\redhat.java-1.50.0-win32-x64\jre\21.0.9-win32-x86_64\bin\instrument.dll
0x00007ffe2a7d0000 - 0x00007ffe2a7f0000 	c:\Users\dell\.vscode\extensions\redhat.java-1.50.0-win32-x64\jre\21.0.9-win32-x86_64\bin\java.dll
0x00007ffe5ad90000 - 0x00007ffe5b4df000 	C:\WINDOWS\System32\SHELL32.dll
0x00007ffe59760000 - 0x00007ffe598cb000 	C:\WINDOWS\System32\wintypes.dll
0x00007ffe56d40000 - 0x00007ffe5759d000 	C:\WINDOWS\SYSTEM32\windows.storage.dll
0x00007ffe5a170000 - 0x00007ffe5a262000 	C:\WINDOWS\System32\SHCORE.dll
0x00007ffe5be70000 - 0x00007ffe5bed7000 	C:\WINDOWS\System32\shlwapi.dll
0x00007ffe59050000 - 0x00007ffe59079000 	C:\WINDOWS\SYSTEM32\profapi.dll
0x00007ffe280e0000 - 0x00007ffe280f8000 	c:\Users\dell\.vscode\extensions\redhat.java-1.50.0-win32-x64\jre\21.0.9-win32-x86_64\bin\zip.dll
0x00007ffe43460000 - 0x00007ffe43470000 	C:\Users\dell\.vscode\extensions\redhat.java-1.50.0-win32-x64\jre\21.0.9-win32-x86_64\bin\net.dll
0x00007ffe4ea30000 - 0x00007ffe4eb58000 	C:\WINDOWS\SYSTEM32\WINHTTP.dll
0x00007ffe58460000 - 0x00007ffe584cb000 	C:\WINDOWS\system32\mswsock.dll
0x00007ffe27100000 - 0x00007ffe27116000 	C:\Users\dell\.vscode\extensions\redhat.java-1.50.0-win32-x64\jre\21.0.9-win32-x86_64\bin\nio.dll
0x00007ffe42470000 - 0x00007ffe42480000 	c:\Users\dell\.vscode\extensions\redhat.java-1.50.0-win32-x64\jre\21.0.9-win32-x86_64\bin\verify.dll
0x00007ffe0ec00000 - 0x00007ffe0ec44000 	C:\Users\dell\AppData\Roaming\Code\User\globalStorage\redhat.java\1.50.0\config_win\org.eclipse.equinox.launcher\org.eclipse.equinox.launcher.win32.win32.x86_64_1.2.1400.v20250801-0854\eclipse_11916.dll
0x00007ffe59f50000 - 0x00007ffe5a0e7000 	C:\WINDOWS\System32\ole32.dll
0x00007ffe58720000 - 0x00007ffe5873b000 	C:\WINDOWS\SYSTEM32\CRYPTSP.dll
0x00007ffe57e50000 - 0x00007ffe57e8a000 	C:\WINDOWS\system32\rsaenh.dll
0x00007ffe58510000 - 0x00007ffe5853b000 	C:\WINDOWS\SYSTEM32\USERENV.dll
0x00007ffe59020000 - 0x00007ffe5904a000 	C:\WINDOWS\SYSTEM32\bcrypt.dll
0x00007ffe58740000 - 0x00007ffe5874c000 	C:\WINDOWS\SYSTEM32\CRYPTBASE.dll
0x00007ffe578b0000 - 0x00007ffe578e4000 	C:\WINDOWS\SYSTEM32\IPHLPAPI.DLL
0x00007ffe5b840000 - 0x00007ffe5b84a000 	C:\WINDOWS\System32\NSI.dll
0x00007ffe24f20000 - 0x00007ffe24f69000 	C:\Users\dell\AppData\Local\Temp\jna-3079617\jna10180202921060262624.dll
0x00007ffe5a830000 - 0x00007ffe5a838000 	C:\WINDOWS\System32\PSAPI.DLL
0x00007ffe503d0000 - 0x00007ffe503ee000 	C:\WINDOWS\SYSTEM32\dhcpcsvc6.DLL
0x00007ffe4f410000 - 0x00007ffe4f433000 	C:\WINDOWS\SYSTEM32\dhcpcsvc.DLL
0x00007ffe4c800000 - 0x00007ffe4c80e000 	C:\Users\dell\.vscode\extensions\redhat.java-1.50.0-win32-x64\jre\21.0.9-win32-x86_64\bin\sunmscapi.dll
0x00007ffe593e0000 - 0x00007ffe59557000 	C:\WINDOWS\System32\CRYPT32.dll
0x00007ffe58940000 - 0x00007ffe58970000 	C:\WINDOWS\SYSTEM32\ncrypt.dll
0x00007ffe588f0000 - 0x00007ffe5892f000 	C:\WINDOWS\SYSTEM32\NTASN1.dll
0x00007ffe57940000 - 0x00007ffe57a6c000 	C:\WINDOWS\SYSTEM32\DNSAPI.dll
0x00007ffe4f400000 - 0x00007ffe4f40b000 	C:\Windows\System32\rasadhlp.dll
0x00007ffe4e080000 - 0x00007ffe4e106000 	C:\WINDOWS\System32\fwpuclnt.dll
0x00007ffe4add0000 - 0x00007ffe4add9000 	C:\Users\dell\.vscode\extensions\redhat.java-1.50.0-win32-x64\jre\21.0.9-win32-x86_64\bin\extnet.dll

JVMTI agents:
c:\Users\dell\.vscode\extensions\redhat.java-1.50.0-win32-x64\lombok\lombok-1.18.39-4050.jar path:c:\Users\dell\.vscode\extensions\redhat.java-1.50.0-win32-x64\jre\21.0.9-win32-x86_64\bin\instrument.dll, loaded, initialized, instrumentlib options:none

dbghelp: loaded successfully - version: 4.0.5 - missing functions: none
symbol engine: initialized successfully - sym options: 0x614 - pdb path: .;c:\Users\dell\.vscode\extensions\redhat.java-1.50.0-win32-x64\jre\21.0.9-win32-x86_64\bin;C:\WINDOWS\SYSTEM32;C:\WINDOWS\WinSxS\amd64_microsoft.windows.common-controls_6595b64144ccf1df_6.0.26100.7019_none_3e06ffa0e335b8a8;c:\Users\dell\.vscode\extensions\redhat.java-1.50.0-win32-x64\jre\21.0.9-win32-x86_64\bin\server;C:\Users\dell\AppData\Roaming\Code\User\globalStorage\redhat.java\1.50.0\config_win\org.eclipse.equinox.launcher\org.eclipse.equinox.launcher.win32.win32.x86_64_1.2.1400.v20250801-0854;C:\Users\dell\AppData\Local\Temp\jna-3079617

VM Arguments:
jvm_args: --add-modules=ALL-SYSTEM --add-opens=java.base/java.util=ALL-UNNAMED --add-opens=java.base/java.lang=ALL-UNNAMED --add-opens=java.base/sun.nio.fs=ALL-UNNAMED -Declipse.application=org.eclipse.jdt.ls.core.id1 -Dosgi.bundles.defaultStartLevel=4 -Declipse.product=org.eclipse.jdt.ls.core.product -Djava.import.generatesMetadataFilesAtProjectRoot=false -DDetectVMInstallationsJob.disabled=true -Dfile.encoding=utf8 -XX:+UseParallelGC -XX:GCTimeRatio=4 -XX:AdaptiveSizePolicyWeight=90 -Dsun.zip.disableMemoryMapping=true -Xmx2G -Xms100m -Xlog:disable -javaagent:c:\Users\dell\.vscode\extensions\redhat.java-1.50.0-win32-x64\lombok\lombok-1.18.39-4050.jar -XX:+HeapDumpOnOutOfMemoryError -XX:HeapDumpPath=c:\Users\dell\AppData\Roaming\Code\User\workspaceStorage\7006832f3d786815a8eafb37dcd20274\redhat.java -Daether.dependencyCollector.impl=bf 
java_command: c:\Users\dell\.vscode\extensions\redhat.java-1.50.0-win32-x64\server\plugins\org.eclipse.equinox.launcher_1.7.100.v20251111-0406.jar -configuration c:\Users\dell\AppData\Roaming\Code\User\globalStorage\redhat.java\1.50.0\config_win -data c:\Users\dell\AppData\Roaming\Code\User\workspaceStorage\7006832f3d786815a8eafb37dcd20274\redhat.java\jdt_ws --pipe=\\.\pipe\lsp-905a7415f150e3d5982cdd87e0024198-sock
java_class_path (initial): c:\Users\dell\.vscode\extensions\redhat.java-1.50.0-win32-x64\server\plugins\org.eclipse.equinox.launcher_1.7.100.v20251111-0406.jar
Launcher Type: SUN_STANDARD

[Global flags]
    uintx AdaptiveSizePolicyWeight                 = 90                                        {product} {command line}
     intx CICompilerCount                          = 4                                         {product} {ergonomic}
    uintx GCTimeRatio                              = 4                                         {product} {command line}
     bool HeapDumpOnOutOfMemoryError               = true                                   {manageable} {command line}
    ccstr HeapDumpPath                             = c:\Users\dell\AppData\Roaming\Code\User\workspaceStorage\7006832f3d786815a8eafb37dcd20274\redhat.java         {manageable} {command line}
   size_t InitialHeapSize                          = 104857600                                 {product} {command line}
   size_t MaxHeapSize                              = 2147483648                                {product} {command line}
   size_t MaxNewSize                               = 715653120                                 {product} {ergonomic}
   size_t MinHeapDeltaBytes                        = 524288                                    {product} {ergonomic}
   size_t MinHeapSize                              = 104857600                                 {product} {command line}
   size_t NewSize                                  = 34603008                                  {product} {ergonomic}
    uintx NonNMethodCodeHeapSize                   = 5839372                                {pd product} {ergonomic}
    uintx NonProfiledCodeHeapSize                  = 122909434                              {pd product} {ergonomic}
   size_t OldSize                                  = 70254592                                  {product} {ergonomic}
    uintx ProfiledCodeHeapSize                     = 122909434                              {pd product} {ergonomic}
    uintx ReservedCodeCacheSize                    = 251658240                              {pd product} {ergonomic}
     bool SegmentedCodeCache                       = true                                      {product} {ergonomic}
   size_t SoftMaxHeapSize                          = 2147483648                             {manageable} {ergonomic}
     bool UseCompressedOops                        = true                           {product lp64_product} {ergonomic}
     bool UseLargePagesIndividualAllocation        = false                                  {pd product} {ergonomic}
     bool UseParallelGC                            = true                                      {product} {command line}

Logging:
Log output configuration:
 #0: stdout all=off uptime,level,tags foldmultilines=false
 #1: stderr all=off uptime,level,tags foldmultilines=false

Release file:
JAVA_VERSION="21.0.9" 
MODULES="java.base java.compiler java.datatransfer java.xml java.prefs java.desktop java.instrument java.logging java.management java.security.sasl java.naming java.rmi java.management.rmi java.net.http java.scripting java.security.jgss java.transaction.xa java.sql java.sql.rowset java.xml.crypto java.se java.smartcardio jdk.accessibility jdk.internal.jvmstat jdk.attach jdk.charsets jdk.internal.opt jdk.zipfs jdk.compiler jdk.crypto.ec jdk.crypto.cryptoki jdk.crypto.mscapi jdk.dynalink jdk.internal.ed jdk.editpad jdk.hotspot.agent jdk.httpserver jdk.internal.le jdk.internal.vm.ci jdk.internal.vm.compiler jdk.internal.vm.compiler.management jdk.jartool jdk.javadoc jdk.jcmd jdk.management jdk.management.agent jdk.jconsole jdk.jdeps jdk.jdwp.agent jdk.jdi jdk.jfr jdk.jshell jdk.jsobject jdk.jstatd jdk.localedata jdk.management.jfr jdk.naming.dns jdk.naming.rmi jdk.net jdk.nio.mapmode jdk.random jdk.sctp jdk.security.auth jdk.security.jgss jdk.unsupported jdk.unsupported.desktop jdk.xml.dom" 

Environment Variables:
JAVA_HOME=C:\Program Files\Java\jdk-21
PATH=C:\Python310\Scripts\;C:\Python310\;C:\python39\Scripts\;C:\python39\;C:\Program Files\Common Files\Oracle\Java\javapath;C:\WINDOWS\system32;C:\WINDOWS;C:\WINDOWS\System32\Wbem;C:\WINDOWS\System32\WindowsPowerShell\v1.0\;C:\WINDOWS\System32\OpenSSH\;C:\ProgramData\chocolatey\bin;C:\Program Files\dotnet\;C:\Program Files\Git\cmd;C:\Program Files\Docker\Docker\resources\bin;C:\Program Files\nodejs\;C:\Program Files\Java\jdk-21\bin;C:\Program Files\Java\jdk-21\bin;C:\Program Files\apache-maven-3.9.11\bin;C:\Users\dell\AppData\Local\Microsoft\WindowsApps;C:\Users\dell\AppData\Local\Programs\Microsoft VS Code\bin;C:\Program Files (x86)\mingw-w64\i686-8.1.0-posix-dwarf-rt_v6-rev0\mingw32\bin;C:\Program Files\JetBrains\IntelliJ IDEA Community Edition 2021.1.2\bin;;C:\MinGW\bin;C:\Users\dell\AppData\Roaming\npm;
USERNAME=dell
OS=Windows_NT
PROCESSOR_IDENTIFIER=AMD64 Family 23 Model 24 Stepping 1, AuthenticAMD
TMP=C:\Users\dell\AppData\Local\Temp
TEMP=C:\Users\dell\AppData\Local\Temp




Periodic native trim disabled

---------------  S Y S T E M  ---------------

OS:
 Windows 11 , 64 bit Build 26100 (10.0.26100.7019)
OS uptime: 19 days 22:57 hours
Hyper-V role detected

CPU: total 8 (initial active 8) (8 cores per cpu, 2 threads per core) family 23 model 24 stepping 1 microcode 0x810810e, cx8, cmov, fxsr, ht, mmx, 3dnowpref, sse, sse2, sse3, ssse3, sse4a, sse4.1, sse4.2, popcnt, lzcnt, tsc, tscinvbit, avx, avx2, aes, clmul, bmi1, bmi2, adx, sha, fma, vzeroupper, clflush, clflushopt, hv, rdtscp, f16c
Processor Information for the first 8 processors :
  Max Mhz: 2100, Current Mhz: 2100, Mhz Limit: 2100

Memory: 4k page, system-wide physical 6030M (460M free)
TotalPageFile size 24462M (AvailPageFile size 3M)
current process WorkingSet (physical memory assigned to process): 125M, peak: 528M
current process commit charge ("private bytes"): 732M, peak: 741M

vm_info: OpenJDK 64-Bit Server VM (21.0.9+10-LTS) for windows-amd64 JRE (21.0.9+10-LTS), built on 2025-10-21T00:00:00Z by "admin" with unknown MS VC++:1942

END.
